<?xml version="1.0" encoding="UTF-8"?>
<testng-results skipped="0" failed="0" total="1" passed="1">
  <reporter-output>
  </reporter-output>
  <suite name="Default suite" duration-ms="150" started-at="2019-11-17T14:20:38Z" finished-at="2019-11-17T14:20:38Z">
    <groups>
    </groups>
    <test name="Default test" duration-ms="150" started-at="2019-11-17T14:20:38Z" finished-at="2019-11-17T14:20:38Z">
      <class name="com.qa.Tests.LoginPageTest_001">
        <test-method status="PASS" signature="LoginpageTest()[pri:0, instance:com.qa.Tests.LoginPageTest_001@71c7db30]" name="LoginpageTest" duration-ms="76" started-at="2019-11-17T19:50:38Z" finished-at="2019-11-17T19:50:38Z">
          <reporter-output>
          </reporter-output>
        </test-method> <!-- LoginpageTest -->
      </class> <!-- com.qa.Tests.LoginPageTest_001 -->
    </test> <!-- Default test -->
  </suite> <!-- Default suite -->
</testng-results>
